                              1 ;--------------------------------------------------------
                              2 ; File Created by SDCC : free open source ANSI-C Compiler
                              3 ; Version 3.6.8 #9946 (Linux)
                              4 ;--------------------------------------------------------
                              5 	.module bala3
                              6 	.optsdcc -mz80
                              7 	
                              8 ;--------------------------------------------------------
                              9 ; Public variables in this module
                             10 ;--------------------------------------------------------
                             11 	.globl _sbala_bala3_1
                             12 	.globl _sbala_bala3_0
                             13 	.globl _sbala_tileset
                             14 ;--------------------------------------------------------
                             15 ; special function registers
                             16 ;--------------------------------------------------------
                             17 ;--------------------------------------------------------
                             18 ; ram data
                             19 ;--------------------------------------------------------
                             20 	.area _DATA
                             21 ;--------------------------------------------------------
                             22 ; ram data
                             23 ;--------------------------------------------------------
                             24 	.area _INITIALIZED
                             25 ;--------------------------------------------------------
                             26 ; absolute external ram data
                             27 ;--------------------------------------------------------
                             28 	.area _DABS (ABS)
                             29 ;--------------------------------------------------------
                             30 ; global & static initialisations
                             31 ;--------------------------------------------------------
                             32 	.area _HOME
                             33 	.area _GSINIT
                             34 	.area _GSFINAL
                             35 	.area _GSINIT
                             36 ;--------------------------------------------------------
                             37 ; Home
                             38 ;--------------------------------------------------------
                             39 	.area _HOME
                             40 	.area _HOME
                             41 ;--------------------------------------------------------
                             42 ; code
                             43 ;--------------------------------------------------------
                             44 	.area _CODE
                             45 	.area _CODE
   0000                      46 _sbala_tileset:
   0000r04r00                47 	.dw _sbala_bala3_0
   0002r08r00                48 	.dw _sbala_bala3_1
   0004                      49 _sbala_bala3_0:
   0004 15                   50 	.db #0x15	; 21
   0005 2A                   51 	.db #0x2a	; 42
   0006 2A                   52 	.db #0x2a	; 42
   0007 15                   53 	.db #0x15	; 21
   0008                      54 _sbala_bala3_1:
   0008 2A                   55 	.db #0x2a	; 42
   0009 15                   56 	.db #0x15	; 21
   000A 15                   57 	.db #0x15	; 21
   000B 2A                   58 	.db #0x2a	; 42
                             59 	.area _INITIALIZER
                             60 	.area _CABS (ABS)
