                              1 ;--------------------------------------------------------
                              2 ; File Created by SDCC : free open source ANSI-C Compiler
                              3 ; Version 3.6.8 #9946 (Linux)
                              4 ;--------------------------------------------------------
                              5 	.module coronasola
                              6 	.optsdcc -mz80
                              7 	
                              8 ;--------------------------------------------------------
                              9 ; Public variables in this module
                             10 ;--------------------------------------------------------
                             11 	.globl _scrown_coronasola
                             12 ;--------------------------------------------------------
                             13 ; special function registers
                             14 ;--------------------------------------------------------
                             15 ;--------------------------------------------------------
                             16 ; ram data
                             17 ;--------------------------------------------------------
                             18 	.area _DATA
                             19 ;--------------------------------------------------------
                             20 ; ram data
                             21 ;--------------------------------------------------------
                             22 	.area _INITIALIZED
                             23 ;--------------------------------------------------------
                             24 ; absolute external ram data
                             25 ;--------------------------------------------------------
                             26 	.area _DABS (ABS)
                             27 ;--------------------------------------------------------
                             28 ; global & static initialisations
                             29 ;--------------------------------------------------------
                             30 	.area _HOME
                             31 	.area _GSINIT
                             32 	.area _GSFINAL
                             33 	.area _GSINIT
                             34 ;--------------------------------------------------------
                             35 ; Home
                             36 ;--------------------------------------------------------
                             37 	.area _HOME
                             38 	.area _HOME
                             39 ;--------------------------------------------------------
                             40 ; code
                             41 ;--------------------------------------------------------
                             42 	.area _CODE
                             43 	.area _CODE
   0000                      44 _scrown_coronasola:
   0000 20                   45 	.db #0x20	; 32
   0001 20                   46 	.db #0x20	; 32
   0002 10                   47 	.db #0x10	; 16
   0003 20                   48 	.db #0x20	; 32
   0004 30                   49 	.db #0x30	; 48	'0'
   0005 10                   50 	.db #0x10	; 16
   0006 30                   51 	.db #0x30	; 48	'0'
   0007 30                   52 	.db #0x30	; 48	'0'
   0008 30                   53 	.db #0x30	; 48	'0'
   0009 30                   54 	.db #0x30	; 48	'0'
   000A 30                   55 	.db #0x30	; 48	'0'
   000B 30                   56 	.db #0x30	; 48	'0'
                             57 	.area _INITIALIZER
                             58 	.area _CABS (ABS)
