                              1 ;--------------------------------------------------------
                              2 ; File Created by SDCC : free open source ANSI-C Compiler
                              3 ; Version 3.6.8 #9946 (Linux)
                              4 ;--------------------------------------------------------
                              5 	.module protile3
                              6 	.optsdcc -mz80
                              7 	
                              8 ;--------------------------------------------------------
                              9 ; Public variables in this module
                             10 ;--------------------------------------------------------
                             11 	.globl _sprite_protile3_19
                             12 	.globl _sprite_protile3_18
                             13 	.globl _sprite_protile3_17
                             14 	.globl _sprite_protile3_16
                             15 	.globl _sprite_protile3_15
                             16 	.globl _sprite_protile3_14
                             17 	.globl _sprite_protile3_13
                             18 	.globl _sprite_protile3_12
                             19 	.globl _sprite_protile3_11
                             20 	.globl _sprite_protile3_10
                             21 	.globl _sprite_protile3_09
                             22 	.globl _sprite_protile3_08
                             23 	.globl _sprite_protile3_07
                             24 	.globl _sprite_protile3_06
                             25 	.globl _sprite_protile3_05
                             26 	.globl _sprite_protile3_04
                             27 	.globl _sprite_protile3_03
                             28 	.globl _sprite_protile3_02
                             29 	.globl _sprite_protile3_01
                             30 	.globl _sprite_protile3_00
                             31 	.globl _sprite_tileset
                             32 ;--------------------------------------------------------
                             33 ; special function registers
                             34 ;--------------------------------------------------------
                             35 ;--------------------------------------------------------
                             36 ; ram data
                             37 ;--------------------------------------------------------
                             38 	.area _DATA
                             39 ;--------------------------------------------------------
                             40 ; ram data
                             41 ;--------------------------------------------------------
                             42 	.area _INITIALIZED
                             43 ;--------------------------------------------------------
                             44 ; absolute external ram data
                             45 ;--------------------------------------------------------
                             46 	.area _DABS (ABS)
                             47 ;--------------------------------------------------------
                             48 ; global & static initialisations
                             49 ;--------------------------------------------------------
                             50 	.area _HOME
                             51 	.area _GSINIT
                             52 	.area _GSFINAL
                             53 	.area _GSINIT
                             54 ;--------------------------------------------------------
                             55 ; Home
                             56 ;--------------------------------------------------------
                             57 	.area _HOME
                             58 	.area _HOME
                             59 ;--------------------------------------------------------
                             60 ; code
                             61 ;--------------------------------------------------------
                             62 	.area _CODE
                             63 	.area _CODE
   0000                      64 _sprite_tileset:
   0000r28r00                65 	.dw _sprite_protile3_00
   0002r64r00                66 	.dw _sprite_protile3_01
   0004rA0r00                67 	.dw _sprite_protile3_02
   0006rDCr00                68 	.dw _sprite_protile3_03
   0008r18r01                69 	.dw _sprite_protile3_04
   000Ar54r01                70 	.dw _sprite_protile3_05
   000Cr90r01                71 	.dw _sprite_protile3_06
   000ErCCr01                72 	.dw _sprite_protile3_07
   0010r08r02                73 	.dw _sprite_protile3_08
   0012r44r02                74 	.dw _sprite_protile3_09
   0014r80r02                75 	.dw _sprite_protile3_10
   0016rBCr02                76 	.dw _sprite_protile3_11
   0018rF8r02                77 	.dw _sprite_protile3_12
   001Ar34r03                78 	.dw _sprite_protile3_13
   001Cr70r03                79 	.dw _sprite_protile3_14
   001ErACr03                80 	.dw _sprite_protile3_15
   0020rE8r03                81 	.dw _sprite_protile3_16
   0022r24r04                82 	.dw _sprite_protile3_17
   0024r60r04                83 	.dw _sprite_protile3_18
   0026r9Cr04                84 	.dw _sprite_protile3_19
   0028                      85 _sprite_protile3_00:
   0028 00                   86 	.db #0x00	; 0
   0029 00                   87 	.db #0x00	; 0
   002A 00                   88 	.db #0x00	; 0
   002B 00                   89 	.db #0x00	; 0
   002C 00                   90 	.db #0x00	; 0
   002D 00                   91 	.db #0x00	; 0
   002E 00                   92 	.db #0x00	; 0
   002F 00                   93 	.db #0x00	; 0
   0030 00                   94 	.db #0x00	; 0
   0031 00                   95 	.db #0x00	; 0
   0032 00                   96 	.db #0x00	; 0
   0033 00                   97 	.db #0x00	; 0
   0034 00                   98 	.db #0x00	; 0
   0035 00                   99 	.db #0x00	; 0
   0036 00                  100 	.db #0x00	; 0
   0037 00                  101 	.db #0x00	; 0
   0038 00                  102 	.db #0x00	; 0
   0039 00                  103 	.db #0x00	; 0
   003A 00                  104 	.db #0x00	; 0
   003B 00                  105 	.db #0x00	; 0
   003C 00                  106 	.db #0x00	; 0
   003D 00                  107 	.db #0x00	; 0
   003E 00                  108 	.db #0x00	; 0
   003F 00                  109 	.db #0x00	; 0
   0040 00                  110 	.db #0x00	; 0
   0041 00                  111 	.db #0x00	; 0
   0042 00                  112 	.db #0x00	; 0
   0043 00                  113 	.db #0x00	; 0
   0044 00                  114 	.db #0x00	; 0
   0045 3F                  115 	.db #0x3f	; 63
   0046 3F                  116 	.db #0x3f	; 63
   0047 00                  117 	.db #0x00	; 0
   0048 15                  118 	.db #0x15	; 21
   0049 FF                  119 	.db #0xff	; 255
   004A 3F                  120 	.db #0x3f	; 63
   004B 2A                  121 	.db #0x2a	; 42
   004C 7F                  122 	.db #0x7f	; 127
   004D 3F                  123 	.db #0x3f	; 63
   004E 3E                  124 	.db #0x3e	; 62
   004F 15                  125 	.db #0x15	; 21
   0050 7F                  126 	.db #0x7f	; 127
   0051 6F                  127 	.db #0x6f	; 111	'o'
   0052 3E                  128 	.db #0x3e	; 62
   0053 15                  129 	.db #0x15	; 21
   0054 3F                  130 	.db #0x3f	; 63
   0055 3D                  131 	.db #0x3d	; 61
   0056 3F                  132 	.db #0x3f	; 63
   0057 3F                  133 	.db #0x3f	; 63
   0058 6F                  134 	.db #0x6f	; 111	'o'
   0059 3E                  135 	.db #0x3e	; 62
   005A 3F                  136 	.db #0x3f	; 63
   005B 9F                  137 	.db #0x9f	; 159
   005C 15                  138 	.db #0x15	; 21
   005D 3E                  139 	.db #0x3e	; 62
   005E 3C                  140 	.db #0x3c	; 60
   005F 2A                  141 	.db #0x2a	; 42
   0060 00                  142 	.db #0x00	; 0
   0061 3F                  143 	.db #0x3f	; 63
   0062 3F                  144 	.db #0x3f	; 63
   0063 00                  145 	.db #0x00	; 0
   0064                     146 _sprite_protile3_01:
   0064 00                  147 	.db #0x00	; 0
   0065 00                  148 	.db #0x00	; 0
   0066 00                  149 	.db #0x00	; 0
   0067 00                  150 	.db #0x00	; 0
   0068 00                  151 	.db #0x00	; 0
   0069 00                  152 	.db #0x00	; 0
   006A 00                  153 	.db #0x00	; 0
   006B 00                  154 	.db #0x00	; 0
   006C 00                  155 	.db #0x00	; 0
   006D 00                  156 	.db #0x00	; 0
   006E 00                  157 	.db #0x00	; 0
   006F 00                  158 	.db #0x00	; 0
   0070 00                  159 	.db #0x00	; 0
   0071 00                  160 	.db #0x00	; 0
   0072 00                  161 	.db #0x00	; 0
   0073 00                  162 	.db #0x00	; 0
   0074 00                  163 	.db #0x00	; 0
   0075 00                  164 	.db #0x00	; 0
   0076 00                  165 	.db #0x00	; 0
   0077 00                  166 	.db #0x00	; 0
   0078 00                  167 	.db #0x00	; 0
   0079 00                  168 	.db #0x00	; 0
   007A 00                  169 	.db #0x00	; 0
   007B 00                  170 	.db #0x00	; 0
   007C 00                  171 	.db #0x00	; 0
   007D 3F                  172 	.db #0x3f	; 63
   007E 3F                  173 	.db #0x3f	; 63
   007F 00                  174 	.db #0x00	; 0
   0080 15                  175 	.db #0x15	; 21
   0081 FF                  176 	.db #0xff	; 255
   0082 3F                  177 	.db #0x3f	; 63
   0083 2A                  178 	.db #0x2a	; 42
   0084 7F                  179 	.db #0x7f	; 127
   0085 3F                  180 	.db #0x3f	; 63
   0086 3E                  181 	.db #0x3e	; 62
   0087 15                  182 	.db #0x15	; 21
   0088 7F                  183 	.db #0x7f	; 127
   0089 6F                  184 	.db #0x6f	; 111	'o'
   008A 3E                  185 	.db #0x3e	; 62
   008B 15                  186 	.db #0x15	; 21
   008C 7F                  187 	.db #0x7f	; 127
   008D 3F                  188 	.db #0x3f	; 63
   008E 3F                  189 	.db #0x3f	; 63
   008F 3F                  190 	.db #0x3f	; 63
   0090 3F                  191 	.db #0x3f	; 63
   0091 3F                  192 	.db #0x3f	; 63
   0092 3F                  193 	.db #0x3f	; 63
   0093 3F                  194 	.db #0x3f	; 63
   0094 6F                  195 	.db #0x6f	; 111	'o'
   0095 3E                  196 	.db #0x3e	; 62
   0096 3D                  197 	.db #0x3d	; 61
   0097 9F                  198 	.db #0x9f	; 159
   0098 15                  199 	.db #0x15	; 21
   0099 3E                  200 	.db #0x3e	; 62
   009A 3C                  201 	.db #0x3c	; 60
   009B 2A                  202 	.db #0x2a	; 42
   009C 00                  203 	.db #0x00	; 0
   009D 3F                  204 	.db #0x3f	; 63
   009E 3F                  205 	.db #0x3f	; 63
   009F 00                  206 	.db #0x00	; 0
   00A0                     207 _sprite_protile3_02:
   00A0 00                  208 	.db #0x00	; 0
   00A1 00                  209 	.db #0x00	; 0
   00A2 00                  210 	.db #0x00	; 0
   00A3 00                  211 	.db #0x00	; 0
   00A4 00                  212 	.db #0x00	; 0
   00A5 00                  213 	.db #0x00	; 0
   00A6 00                  214 	.db #0x00	; 0
   00A7 00                  215 	.db #0x00	; 0
   00A8 00                  216 	.db #0x00	; 0
   00A9 00                  217 	.db #0x00	; 0
   00AA 00                  218 	.db #0x00	; 0
   00AB 00                  219 	.db #0x00	; 0
   00AC 00                  220 	.db #0x00	; 0
   00AD 3F                  221 	.db #0x3f	; 63
   00AE 3F                  222 	.db #0x3f	; 63
   00AF 00                  223 	.db #0x00	; 0
   00B0 15                  224 	.db #0x15	; 21
   00B1 FF                  225 	.db #0xff	; 255
   00B2 3F                  226 	.db #0x3f	; 63
   00B3 2A                  227 	.db #0x2a	; 42
   00B4 7F                  228 	.db #0x7f	; 127
   00B5 BF                  229 	.db #0xbf	; 191
   00B6 3F                  230 	.db #0x3f	; 63
   00B7 3F                  231 	.db #0x3f	; 63
   00B8 7F                  232 	.db #0x7f	; 127
   00B9 3F                  233 	.db #0x3f	; 63
   00BA 3E                  234 	.db #0x3e	; 62
   00BB 15                  235 	.db #0x15	; 21
   00BC 7F                  236 	.db #0x7f	; 127
   00BD 6F                  237 	.db #0x6f	; 111	'o'
   00BE 3E                  238 	.db #0x3e	; 62
   00BF 15                  239 	.db #0x15	; 21
   00C0 7F                  240 	.db #0x7f	; 127
   00C1 3F                  241 	.db #0x3f	; 63
   00C2 3F                  242 	.db #0x3f	; 63
   00C3 3F                  243 	.db #0x3f	; 63
   00C4 3F                  244 	.db #0x3f	; 63
   00C5 3F                  245 	.db #0x3f	; 63
   00C6 3F                  246 	.db #0x3f	; 63
   00C7 3F                  247 	.db #0x3f	; 63
   00C8 3F                  248 	.db #0x3f	; 63
   00C9 3F                  249 	.db #0x3f	; 63
   00CA 3F                  250 	.db #0x3f	; 63
   00CB 3F                  251 	.db #0x3f	; 63
   00CC 6F                  252 	.db #0x6f	; 111	'o'
   00CD 3F                  253 	.db #0x3f	; 63
   00CE 3F                  254 	.db #0x3f	; 63
   00CF 9F                  255 	.db #0x9f	; 159
   00D0 3F                  256 	.db #0x3f	; 63
   00D1 3F                  257 	.db #0x3f	; 63
   00D2 3C                  258 	.db #0x3c	; 60
   00D3 3F                  259 	.db #0x3f	; 63
   00D4 15                  260 	.db #0x15	; 21
   00D5 3F                  261 	.db #0x3f	; 63
   00D6 3C                  262 	.db #0x3c	; 60
   00D7 2A                  263 	.db #0x2a	; 42
   00D8 00                  264 	.db #0x00	; 0
   00D9 3F                  265 	.db #0x3f	; 63
   00DA 3F                  266 	.db #0x3f	; 63
   00DB 00                  267 	.db #0x00	; 0
   00DC                     268 _sprite_protile3_03:
   00DC 00                  269 	.db #0x00	; 0
   00DD 00                  270 	.db #0x00	; 0
   00DE 00                  271 	.db #0x00	; 0
   00DF 00                  272 	.db #0x00	; 0
   00E0 00                  273 	.db #0x00	; 0
   00E1 00                  274 	.db #0x00	; 0
   00E2 00                  275 	.db #0x00	; 0
   00E3 00                  276 	.db #0x00	; 0
   00E4 00                  277 	.db #0x00	; 0
   00E5 00                  278 	.db #0x00	; 0
   00E6 00                  279 	.db #0x00	; 0
   00E7 00                  280 	.db #0x00	; 0
   00E8 00                  281 	.db #0x00	; 0
   00E9 00                  282 	.db #0x00	; 0
   00EA 00                  283 	.db #0x00	; 0
   00EB 00                  284 	.db #0x00	; 0
   00EC 00                  285 	.db #0x00	; 0
   00ED 00                  286 	.db #0x00	; 0
   00EE 00                  287 	.db #0x00	; 0
   00EF 00                  288 	.db #0x00	; 0
   00F0 00                  289 	.db #0x00	; 0
   00F1 00                  290 	.db #0x00	; 0
   00F2 00                  291 	.db #0x00	; 0
   00F3 00                  292 	.db #0x00	; 0
   00F4 00                  293 	.db #0x00	; 0
   00F5 3F                  294 	.db #0x3f	; 63
   00F6 3F                  295 	.db #0x3f	; 63
   00F7 00                  296 	.db #0x00	; 0
   00F8 15                  297 	.db #0x15	; 21
   00F9 FF                  298 	.db #0xff	; 255
   00FA 3F                  299 	.db #0x3f	; 63
   00FB 2A                  300 	.db #0x2a	; 42
   00FC 7F                  301 	.db #0x7f	; 127
   00FD 3F                  302 	.db #0x3f	; 63
   00FE 3E                  303 	.db #0x3e	; 62
   00FF 15                  304 	.db #0x15	; 21
   0100 7F                  305 	.db #0x7f	; 127
   0101 6F                  306 	.db #0x6f	; 111	'o'
   0102 3E                  307 	.db #0x3e	; 62
   0103 15                  308 	.db #0x15	; 21
   0104 7F                  309 	.db #0x7f	; 127
   0105 3F                  310 	.db #0x3f	; 63
   0106 3F                  311 	.db #0x3f	; 63
   0107 3F                  312 	.db #0x3f	; 63
   0108 3F                  313 	.db #0x3f	; 63
   0109 3F                  314 	.db #0x3f	; 63
   010A 3F                  315 	.db #0x3f	; 63
   010B 3F                  316 	.db #0x3f	; 63
   010C 6F                  317 	.db #0x6f	; 111	'o'
   010D 3E                  318 	.db #0x3e	; 62
   010E 3D                  319 	.db #0x3d	; 61
   010F 9F                  320 	.db #0x9f	; 159
   0110 15                  321 	.db #0x15	; 21
   0111 3E                  322 	.db #0x3e	; 62
   0112 3C                  323 	.db #0x3c	; 60
   0113 2A                  324 	.db #0x2a	; 42
   0114 00                  325 	.db #0x00	; 0
   0115 3F                  326 	.db #0x3f	; 63
   0116 3F                  327 	.db #0x3f	; 63
   0117 00                  328 	.db #0x00	; 0
   0118                     329 _sprite_protile3_04:
   0118 00                  330 	.db #0x00	; 0
   0119 00                  331 	.db #0x00	; 0
   011A 00                  332 	.db #0x00	; 0
   011B 00                  333 	.db #0x00	; 0
   011C 00                  334 	.db #0x00	; 0
   011D 00                  335 	.db #0x00	; 0
   011E 00                  336 	.db #0x00	; 0
   011F 00                  337 	.db #0x00	; 0
   0120 00                  338 	.db #0x00	; 0
   0121 00                  339 	.db #0x00	; 0
   0122 00                  340 	.db #0x00	; 0
   0123 00                  341 	.db #0x00	; 0
   0124 00                  342 	.db #0x00	; 0
   0125 00                  343 	.db #0x00	; 0
   0126 00                  344 	.db #0x00	; 0
   0127 00                  345 	.db #0x00	; 0
   0128 00                  346 	.db #0x00	; 0
   0129 00                  347 	.db #0x00	; 0
   012A 00                  348 	.db #0x00	; 0
   012B 00                  349 	.db #0x00	; 0
   012C 00                  350 	.db #0x00	; 0
   012D 00                  351 	.db #0x00	; 0
   012E 00                  352 	.db #0x00	; 0
   012F 00                  353 	.db #0x00	; 0
   0130 00                  354 	.db #0x00	; 0
   0131 00                  355 	.db #0x00	; 0
   0132 00                  356 	.db #0x00	; 0
   0133 00                  357 	.db #0x00	; 0
   0134 00                  358 	.db #0x00	; 0
   0135 00                  359 	.db #0x00	; 0
   0136 00                  360 	.db #0x00	; 0
   0137 00                  361 	.db #0x00	; 0
   0138 00                  362 	.db #0x00	; 0
   0139 00                  363 	.db #0x00	; 0
   013A 00                  364 	.db #0x00	; 0
   013B 00                  365 	.db #0x00	; 0
   013C 00                  366 	.db #0x00	; 0
   013D 3F                  367 	.db #0x3f	; 63
   013E 3F                  368 	.db #0x3f	; 63
   013F 00                  369 	.db #0x00	; 0
   0140 15                  370 	.db #0x15	; 21
   0141 FF                  371 	.db #0xff	; 255
   0142 3F                  372 	.db #0x3f	; 63
   0143 2A                  373 	.db #0x2a	; 42
   0144 7F                  374 	.db #0x7f	; 127
   0145 3F                  375 	.db #0x3f	; 63
   0146 3E                  376 	.db #0x3e	; 62
   0147 15                  377 	.db #0x15	; 21
   0148 7F                  378 	.db #0x7f	; 127
   0149 6F                  379 	.db #0x6f	; 111	'o'
   014A 3E                  380 	.db #0x3e	; 62
   014B 15                  381 	.db #0x15	; 21
   014C 6F                  382 	.db #0x6f	; 111	'o'
   014D 3C                  383 	.db #0x3c	; 60
   014E 3F                  384 	.db #0x3f	; 63
   014F 3F                  385 	.db #0x3f	; 63
   0150 15                  386 	.db #0x15	; 21
   0151 3F                  387 	.db #0x3f	; 63
   0152 3F                  388 	.db #0x3f	; 63
   0153 2A                  389 	.db #0x2a	; 42
   0154                     390 _sprite_protile3_05:
   0154 00                  391 	.db #0x00	; 0
   0155 00                  392 	.db #0x00	; 0
   0156 00                  393 	.db #0x00	; 0
   0157 00                  394 	.db #0x00	; 0
   0158 00                  395 	.db #0x00	; 0
   0159 00                  396 	.db #0x00	; 0
   015A 00                  397 	.db #0x00	; 0
   015B 00                  398 	.db #0x00	; 0
   015C 00                  399 	.db #0x00	; 0
   015D 00                  400 	.db #0x00	; 0
   015E 00                  401 	.db #0x00	; 0
   015F 00                  402 	.db #0x00	; 0
   0160 00                  403 	.db #0x00	; 0
   0161 00                  404 	.db #0x00	; 0
   0162 00                  405 	.db #0x00	; 0
   0163 00                  406 	.db #0x00	; 0
   0164 10                  407 	.db #0x10	; 16
   0165 10                  408 	.db #0x10	; 16
   0166 00                  409 	.db #0x00	; 0
   0167 20                  410 	.db #0x20	; 32
   0168 10                  411 	.db #0x10	; 16
   0169 10                  412 	.db #0x10	; 16
   016A 20                  413 	.db #0x20	; 32
   016B 20                  414 	.db #0x20	; 32
   016C 10                  415 	.db #0x10	; 16
   016D 30                  416 	.db #0x30	; 48	'0'
   016E 30                  417 	.db #0x30	; 48	'0'
   016F 20                  418 	.db #0x20	; 32
   0170 10                  419 	.db #0x10	; 16
   0171 30                  420 	.db #0x30	; 48	'0'
   0172 30                  421 	.db #0x30	; 48	'0'
   0173 20                  422 	.db #0x20	; 32
   0174 15                  423 	.db #0x15	; 21
   0175 FF                  424 	.db #0xff	; 255
   0176 3F                  425 	.db #0x3f	; 63
   0177 2A                  426 	.db #0x2a	; 42
   0178 7F                  427 	.db #0x7f	; 127
   0179 3F                  428 	.db #0x3f	; 63
   017A 3E                  429 	.db #0x3e	; 62
   017B 15                  430 	.db #0x15	; 21
   017C 7F                  431 	.db #0x7f	; 127
   017D 6F                  432 	.db #0x6f	; 111	'o'
   017E 3E                  433 	.db #0x3e	; 62
   017F 15                  434 	.db #0x15	; 21
   0180 3F                  435 	.db #0x3f	; 63
   0181 3D                  436 	.db #0x3d	; 61
   0182 3F                  437 	.db #0x3f	; 63
   0183 3F                  438 	.db #0x3f	; 63
   0184 6F                  439 	.db #0x6f	; 111	'o'
   0185 3E                  440 	.db #0x3e	; 62
   0186 3F                  441 	.db #0x3f	; 63
   0187 9F                  442 	.db #0x9f	; 159
   0188 15                  443 	.db #0x15	; 21
   0189 3E                  444 	.db #0x3e	; 62
   018A 3C                  445 	.db #0x3c	; 60
   018B 2A                  446 	.db #0x2a	; 42
   018C 00                  447 	.db #0x00	; 0
   018D 3F                  448 	.db #0x3f	; 63
   018E 3F                  449 	.db #0x3f	; 63
   018F 00                  450 	.db #0x00	; 0
   0190                     451 _sprite_protile3_06:
   0190 00                  452 	.db #0x00	; 0
   0191 00                  453 	.db #0x00	; 0
   0192 00                  454 	.db #0x00	; 0
   0193 00                  455 	.db #0x00	; 0
   0194 00                  456 	.db #0x00	; 0
   0195 00                  457 	.db #0x00	; 0
   0196 00                  458 	.db #0x00	; 0
   0197 00                  459 	.db #0x00	; 0
   0198 00                  460 	.db #0x00	; 0
   0199 00                  461 	.db #0x00	; 0
   019A 00                  462 	.db #0x00	; 0
   019B 00                  463 	.db #0x00	; 0
   019C 10                  464 	.db #0x10	; 16
   019D 10                  465 	.db #0x10	; 16
   019E 00                  466 	.db #0x00	; 0
   019F 20                  467 	.db #0x20	; 32
   01A0 10                  468 	.db #0x10	; 16
   01A1 10                  469 	.db #0x10	; 16
   01A2 20                  470 	.db #0x20	; 32
   01A3 20                  471 	.db #0x20	; 32
   01A4 10                  472 	.db #0x10	; 16
   01A5 30                  473 	.db #0x30	; 48	'0'
   01A6 30                  474 	.db #0x30	; 48	'0'
   01A7 20                  475 	.db #0x20	; 32
   01A8 10                  476 	.db #0x10	; 16
   01A9 30                  477 	.db #0x30	; 48	'0'
   01AA 30                  478 	.db #0x30	; 48	'0'
   01AB 20                  479 	.db #0x20	; 32
   01AC 15                  480 	.db #0x15	; 21
   01AD FF                  481 	.db #0xff	; 255
   01AE 3F                  482 	.db #0x3f	; 63
   01AF 2A                  483 	.db #0x2a	; 42
   01B0 7F                  484 	.db #0x7f	; 127
   01B1 3F                  485 	.db #0x3f	; 63
   01B2 3E                  486 	.db #0x3e	; 62
   01B3 15                  487 	.db #0x15	; 21
   01B4 7F                  488 	.db #0x7f	; 127
   01B5 6F                  489 	.db #0x6f	; 111	'o'
   01B6 3E                  490 	.db #0x3e	; 62
   01B7 15                  491 	.db #0x15	; 21
   01B8 7F                  492 	.db #0x7f	; 127
   01B9 3F                  493 	.db #0x3f	; 63
   01BA 3F                  494 	.db #0x3f	; 63
   01BB 3F                  495 	.db #0x3f	; 63
   01BC 3F                  496 	.db #0x3f	; 63
   01BD 3F                  497 	.db #0x3f	; 63
   01BE 3F                  498 	.db #0x3f	; 63
   01BF 3F                  499 	.db #0x3f	; 63
   01C0 6F                  500 	.db #0x6f	; 111	'o'
   01C1 3E                  501 	.db #0x3e	; 62
   01C2 3D                  502 	.db #0x3d	; 61
   01C3 9F                  503 	.db #0x9f	; 159
   01C4 15                  504 	.db #0x15	; 21
   01C5 3E                  505 	.db #0x3e	; 62
   01C6 3C                  506 	.db #0x3c	; 60
   01C7 2A                  507 	.db #0x2a	; 42
   01C8 00                  508 	.db #0x00	; 0
   01C9 3F                  509 	.db #0x3f	; 63
   01CA 3F                  510 	.db #0x3f	; 63
   01CB 00                  511 	.db #0x00	; 0
   01CC                     512 _sprite_protile3_07:
   01CC 10                  513 	.db #0x10	; 16
   01CD 10                  514 	.db #0x10	; 16
   01CE 00                  515 	.db #0x00	; 0
   01CF 20                  516 	.db #0x20	; 32
   01D0 10                  517 	.db #0x10	; 16
   01D1 10                  518 	.db #0x10	; 16
   01D2 20                  519 	.db #0x20	; 32
   01D3 20                  520 	.db #0x20	; 32
   01D4 10                  521 	.db #0x10	; 16
   01D5 30                  522 	.db #0x30	; 48	'0'
   01D6 30                  523 	.db #0x30	; 48	'0'
   01D7 20                  524 	.db #0x20	; 32
   01D8 10                  525 	.db #0x10	; 16
   01D9 30                  526 	.db #0x30	; 48	'0'
   01DA 30                  527 	.db #0x30	; 48	'0'
   01DB 20                  528 	.db #0x20	; 32
   01DC 15                  529 	.db #0x15	; 21
   01DD FF                  530 	.db #0xff	; 255
   01DE 3F                  531 	.db #0x3f	; 63
   01DF 2A                  532 	.db #0x2a	; 42
   01E0 7F                  533 	.db #0x7f	; 127
   01E1 BF                  534 	.db #0xbf	; 191
   01E2 3F                  535 	.db #0x3f	; 63
   01E3 3F                  536 	.db #0x3f	; 63
   01E4 7F                  537 	.db #0x7f	; 127
   01E5 3F                  538 	.db #0x3f	; 63
   01E6 3E                  539 	.db #0x3e	; 62
   01E7 15                  540 	.db #0x15	; 21
   01E8 7F                  541 	.db #0x7f	; 127
   01E9 6F                  542 	.db #0x6f	; 111	'o'
   01EA 3E                  543 	.db #0x3e	; 62
   01EB 15                  544 	.db #0x15	; 21
   01EC 7F                  545 	.db #0x7f	; 127
   01ED 3F                  546 	.db #0x3f	; 63
   01EE 3F                  547 	.db #0x3f	; 63
   01EF 3F                  548 	.db #0x3f	; 63
   01F0 3F                  549 	.db #0x3f	; 63
   01F1 3F                  550 	.db #0x3f	; 63
   01F2 3F                  551 	.db #0x3f	; 63
   01F3 3F                  552 	.db #0x3f	; 63
   01F4 3F                  553 	.db #0x3f	; 63
   01F5 3F                  554 	.db #0x3f	; 63
   01F6 3F                  555 	.db #0x3f	; 63
   01F7 3F                  556 	.db #0x3f	; 63
   01F8 6F                  557 	.db #0x6f	; 111	'o'
   01F9 3F                  558 	.db #0x3f	; 63
   01FA 3F                  559 	.db #0x3f	; 63
   01FB 9F                  560 	.db #0x9f	; 159
   01FC 3F                  561 	.db #0x3f	; 63
   01FD 3F                  562 	.db #0x3f	; 63
   01FE 3C                  563 	.db #0x3c	; 60
   01FF 3F                  564 	.db #0x3f	; 63
   0200 15                  565 	.db #0x15	; 21
   0201 3F                  566 	.db #0x3f	; 63
   0202 3C                  567 	.db #0x3c	; 60
   0203 2A                  568 	.db #0x2a	; 42
   0204 00                  569 	.db #0x00	; 0
   0205 3F                  570 	.db #0x3f	; 63
   0206 3F                  571 	.db #0x3f	; 63
   0207 00                  572 	.db #0x00	; 0
   0208                     573 _sprite_protile3_08:
   0208 10                  574 	.db #0x10	; 16
   0209 10                  575 	.db #0x10	; 16
   020A 00                  576 	.db #0x00	; 0
   020B 20                  577 	.db #0x20	; 32
   020C 10                  578 	.db #0x10	; 16
   020D 10                  579 	.db #0x10	; 16
   020E 20                  580 	.db #0x20	; 32
   020F 20                  581 	.db #0x20	; 32
   0210 10                  582 	.db #0x10	; 16
   0211 30                  583 	.db #0x30	; 48	'0'
   0212 30                  584 	.db #0x30	; 48	'0'
   0213 20                  585 	.db #0x20	; 32
   0214 10                  586 	.db #0x10	; 16
   0215 30                  587 	.db #0x30	; 48	'0'
   0216 30                  588 	.db #0x30	; 48	'0'
   0217 20                  589 	.db #0x20	; 32
   0218 00                  590 	.db #0x00	; 0
   0219 00                  591 	.db #0x00	; 0
   021A 00                  592 	.db #0x00	; 0
   021B 00                  593 	.db #0x00	; 0
   021C 00                  594 	.db #0x00	; 0
   021D 00                  595 	.db #0x00	; 0
   021E 00                  596 	.db #0x00	; 0
   021F 00                  597 	.db #0x00	; 0
   0220 00                  598 	.db #0x00	; 0
   0221 3F                  599 	.db #0x3f	; 63
   0222 3F                  600 	.db #0x3f	; 63
   0223 00                  601 	.db #0x00	; 0
   0224 15                  602 	.db #0x15	; 21
   0225 FF                  603 	.db #0xff	; 255
   0226 3F                  604 	.db #0x3f	; 63
   0227 2A                  605 	.db #0x2a	; 42
   0228 7F                  606 	.db #0x7f	; 127
   0229 3F                  607 	.db #0x3f	; 63
   022A 3E                  608 	.db #0x3e	; 62
   022B 15                  609 	.db #0x15	; 21
   022C 7F                  610 	.db #0x7f	; 127
   022D 6F                  611 	.db #0x6f	; 111	'o'
   022E 3E                  612 	.db #0x3e	; 62
   022F 15                  613 	.db #0x15	; 21
   0230 7F                  614 	.db #0x7f	; 127
   0231 3F                  615 	.db #0x3f	; 63
   0232 3F                  616 	.db #0x3f	; 63
   0233 3F                  617 	.db #0x3f	; 63
   0234 3F                  618 	.db #0x3f	; 63
   0235 3F                  619 	.db #0x3f	; 63
   0236 3F                  620 	.db #0x3f	; 63
   0237 3F                  621 	.db #0x3f	; 63
   0238 6F                  622 	.db #0x6f	; 111	'o'
   0239 3E                  623 	.db #0x3e	; 62
   023A 3D                  624 	.db #0x3d	; 61
   023B 9F                  625 	.db #0x9f	; 159
   023C 15                  626 	.db #0x15	; 21
   023D 3E                  627 	.db #0x3e	; 62
   023E 3C                  628 	.db #0x3c	; 60
   023F 2A                  629 	.db #0x2a	; 42
   0240 00                  630 	.db #0x00	; 0
   0241 3F                  631 	.db #0x3f	; 63
   0242 3F                  632 	.db #0x3f	; 63
   0243 00                  633 	.db #0x00	; 0
   0244                     634 _sprite_protile3_09:
   0244 00                  635 	.db #0x00	; 0
   0245 00                  636 	.db #0x00	; 0
   0246 00                  637 	.db #0x00	; 0
   0247 00                  638 	.db #0x00	; 0
   0248 00                  639 	.db #0x00	; 0
   0249 00                  640 	.db #0x00	; 0
   024A 00                  641 	.db #0x00	; 0
   024B 00                  642 	.db #0x00	; 0
   024C 00                  643 	.db #0x00	; 0
   024D 00                  644 	.db #0x00	; 0
   024E 00                  645 	.db #0x00	; 0
   024F 00                  646 	.db #0x00	; 0
   0250 10                  647 	.db #0x10	; 16
   0251 10                  648 	.db #0x10	; 16
   0252 00                  649 	.db #0x00	; 0
   0253 20                  650 	.db #0x20	; 32
   0254 10                  651 	.db #0x10	; 16
   0255 10                  652 	.db #0x10	; 16
   0256 20                  653 	.db #0x20	; 32
   0257 20                  654 	.db #0x20	; 32
   0258 10                  655 	.db #0x10	; 16
   0259 30                  656 	.db #0x30	; 48	'0'
   025A 30                  657 	.db #0x30	; 48	'0'
   025B 20                  658 	.db #0x20	; 32
   025C 10                  659 	.db #0x10	; 16
   025D 30                  660 	.db #0x30	; 48	'0'
   025E 30                  661 	.db #0x30	; 48	'0'
   025F 20                  662 	.db #0x20	; 32
   0260 00                  663 	.db #0x00	; 0
   0261 00                  664 	.db #0x00	; 0
   0262 00                  665 	.db #0x00	; 0
   0263 00                  666 	.db #0x00	; 0
   0264 00                  667 	.db #0x00	; 0
   0265 00                  668 	.db #0x00	; 0
   0266 00                  669 	.db #0x00	; 0
   0267 00                  670 	.db #0x00	; 0
   0268 00                  671 	.db #0x00	; 0
   0269 3F                  672 	.db #0x3f	; 63
   026A 3F                  673 	.db #0x3f	; 63
   026B 00                  674 	.db #0x00	; 0
   026C 15                  675 	.db #0x15	; 21
   026D FF                  676 	.db #0xff	; 255
   026E 3F                  677 	.db #0x3f	; 63
   026F 2A                  678 	.db #0x2a	; 42
   0270 7F                  679 	.db #0x7f	; 127
   0271 3F                  680 	.db #0x3f	; 63
   0272 3E                  681 	.db #0x3e	; 62
   0273 15                  682 	.db #0x15	; 21
   0274 7F                  683 	.db #0x7f	; 127
   0275 6F                  684 	.db #0x6f	; 111	'o'
   0276 3E                  685 	.db #0x3e	; 62
   0277 15                  686 	.db #0x15	; 21
   0278 6F                  687 	.db #0x6f	; 111	'o'
   0279 3C                  688 	.db #0x3c	; 60
   027A 3F                  689 	.db #0x3f	; 63
   027B 3F                  690 	.db #0x3f	; 63
   027C 15                  691 	.db #0x15	; 21
   027D 3F                  692 	.db #0x3f	; 63
   027E 3F                  693 	.db #0x3f	; 63
   027F 2A                  694 	.db #0x2a	; 42
   0280                     695 _sprite_protile3_10:
   0280 00                  696 	.db #0x00	; 0
   0281 00                  697 	.db #0x00	; 0
   0282 00                  698 	.db #0x00	; 0
   0283 00                  699 	.db #0x00	; 0
   0284 00                  700 	.db #0x00	; 0
   0285 00                  701 	.db #0x00	; 0
   0286 00                  702 	.db #0x00	; 0
   0287 00                  703 	.db #0x00	; 0
   0288 00                  704 	.db #0x00	; 0
   0289 00                  705 	.db #0x00	; 0
   028A 00                  706 	.db #0x00	; 0
   028B 00                  707 	.db #0x00	; 0
   028C 00                  708 	.db #0x00	; 0
   028D 00                  709 	.db #0x00	; 0
   028E 00                  710 	.db #0x00	; 0
   028F 00                  711 	.db #0x00	; 0
   0290 00                  712 	.db #0x00	; 0
   0291 00                  713 	.db #0x00	; 0
   0292 00                  714 	.db #0x00	; 0
   0293 00                  715 	.db #0x00	; 0
   0294 00                  716 	.db #0x00	; 0
   0295 00                  717 	.db #0x00	; 0
   0296 00                  718 	.db #0x00	; 0
   0297 00                  719 	.db #0x00	; 0
   0298 00                  720 	.db #0x00	; 0
   0299 00                  721 	.db #0x00	; 0
   029A 00                  722 	.db #0x00	; 0
   029B 00                  723 	.db #0x00	; 0
   029C 00                  724 	.db #0x00	; 0
   029D 3F                  725 	.db #0x3f	; 63
   029E 3F                  726 	.db #0x3f	; 63
   029F 00                  727 	.db #0x00	; 0
   02A0 15                  728 	.db #0x15	; 21
   02A1 3F                  729 	.db #0x3f	; 63
   02A2 FF                  730 	.db #0xff	; 255
   02A3 2A                  731 	.db #0x2a	; 42
   02A4 2A                  732 	.db #0x2a	; 42
   02A5 3D                  733 	.db #0x3d	; 61
   02A6 3F                  734 	.db #0x3f	; 63
   02A7 BF                  735 	.db #0xbf	; 191
   02A8 2A                  736 	.db #0x2a	; 42
   02A9 3D                  737 	.db #0x3d	; 61
   02AA 9F                  738 	.db #0x9f	; 159
   02AB BF                  739 	.db #0xbf	; 191
   02AC 3F                  740 	.db #0x3f	; 63
   02AD 3F                  741 	.db #0x3f	; 63
   02AE 3E                  742 	.db #0x3e	; 62
   02AF 3F                  743 	.db #0x3f	; 63
   02B0 6F                  744 	.db #0x6f	; 111	'o'
   02B1 3F                  745 	.db #0x3f	; 63
   02B2 3D                  746 	.db #0x3d	; 61
   02B3 9F                  747 	.db #0x9f	; 159
   02B4 15                  748 	.db #0x15	; 21
   02B5 3C                  749 	.db #0x3c	; 60
   02B6 3D                  750 	.db #0x3d	; 61
   02B7 2A                  751 	.db #0x2a	; 42
   02B8 00                  752 	.db #0x00	; 0
   02B9 3F                  753 	.db #0x3f	; 63
   02BA 3F                  754 	.db #0x3f	; 63
   02BB 00                  755 	.db #0x00	; 0
   02BC                     756 _sprite_protile3_11:
   02BC 00                  757 	.db #0x00	; 0
   02BD 00                  758 	.db #0x00	; 0
   02BE 00                  759 	.db #0x00	; 0
   02BF 00                  760 	.db #0x00	; 0
   02C0 00                  761 	.db #0x00	; 0
   02C1 00                  762 	.db #0x00	; 0
   02C2 00                  763 	.db #0x00	; 0
   02C3 00                  764 	.db #0x00	; 0
   02C4 00                  765 	.db #0x00	; 0
   02C5 00                  766 	.db #0x00	; 0
   02C6 00                  767 	.db #0x00	; 0
   02C7 00                  768 	.db #0x00	; 0
   02C8 00                  769 	.db #0x00	; 0
   02C9 00                  770 	.db #0x00	; 0
   02CA 00                  771 	.db #0x00	; 0
   02CB 00                  772 	.db #0x00	; 0
   02CC 00                  773 	.db #0x00	; 0
   02CD 00                  774 	.db #0x00	; 0
   02CE 00                  775 	.db #0x00	; 0
   02CF 00                  776 	.db #0x00	; 0
   02D0 00                  777 	.db #0x00	; 0
   02D1 00                  778 	.db #0x00	; 0
   02D2 00                  779 	.db #0x00	; 0
   02D3 00                  780 	.db #0x00	; 0
   02D4 00                  781 	.db #0x00	; 0
   02D5 3F                  782 	.db #0x3f	; 63
   02D6 3F                  783 	.db #0x3f	; 63
   02D7 00                  784 	.db #0x00	; 0
   02D8 15                  785 	.db #0x15	; 21
   02D9 3F                  786 	.db #0x3f	; 63
   02DA FF                  787 	.db #0xff	; 255
   02DB 2A                  788 	.db #0x2a	; 42
   02DC 2A                  789 	.db #0x2a	; 42
   02DD 3D                  790 	.db #0x3d	; 61
   02DE 3F                  791 	.db #0x3f	; 63
   02DF BF                  792 	.db #0xbf	; 191
   02E0 2A                  793 	.db #0x2a	; 42
   02E1 3D                  794 	.db #0x3d	; 61
   02E2 9F                  795 	.db #0x9f	; 159
   02E3 BF                  796 	.db #0xbf	; 191
   02E4 3F                  797 	.db #0x3f	; 63
   02E5 3F                  798 	.db #0x3f	; 63
   02E6 3F                  799 	.db #0x3f	; 63
   02E7 BF                  800 	.db #0xbf	; 191
   02E8 3F                  801 	.db #0x3f	; 63
   02E9 3F                  802 	.db #0x3f	; 63
   02EA 3F                  803 	.db #0x3f	; 63
   02EB 3F                  804 	.db #0x3f	; 63
   02EC 6F                  805 	.db #0x6f	; 111	'o'
   02ED 3E                  806 	.db #0x3e	; 62
   02EE 3D                  807 	.db #0x3d	; 61
   02EF 9F                  808 	.db #0x9f	; 159
   02F0 15                  809 	.db #0x15	; 21
   02F1 3C                  810 	.db #0x3c	; 60
   02F2 3D                  811 	.db #0x3d	; 61
   02F3 2A                  812 	.db #0x2a	; 42
   02F4 00                  813 	.db #0x00	; 0
   02F5 3F                  814 	.db #0x3f	; 63
   02F6 3F                  815 	.db #0x3f	; 63
   02F7 00                  816 	.db #0x00	; 0
   02F8                     817 _sprite_protile3_12:
   02F8 00                  818 	.db #0x00	; 0
   02F9 00                  819 	.db #0x00	; 0
   02FA 00                  820 	.db #0x00	; 0
   02FB 00                  821 	.db #0x00	; 0
   02FC 00                  822 	.db #0x00	; 0
   02FD 00                  823 	.db #0x00	; 0
   02FE 00                  824 	.db #0x00	; 0
   02FF 00                  825 	.db #0x00	; 0
   0300 00                  826 	.db #0x00	; 0
   0301 00                  827 	.db #0x00	; 0
   0302 00                  828 	.db #0x00	; 0
   0303 00                  829 	.db #0x00	; 0
   0304 00                  830 	.db #0x00	; 0
   0305 3F                  831 	.db #0x3f	; 63
   0306 3F                  832 	.db #0x3f	; 63
   0307 00                  833 	.db #0x00	; 0
   0308 15                  834 	.db #0x15	; 21
   0309 3F                  835 	.db #0x3f	; 63
   030A FF                  836 	.db #0xff	; 255
   030B 2A                  837 	.db #0x2a	; 42
   030C 3F                  838 	.db #0x3f	; 63
   030D 3F                  839 	.db #0x3f	; 63
   030E 7F                  840 	.db #0x7f	; 127
   030F BF                  841 	.db #0xbf	; 191
   0310 2A                  842 	.db #0x2a	; 42
   0311 3D                  843 	.db #0x3d	; 61
   0312 3F                  844 	.db #0x3f	; 63
   0313 BF                  845 	.db #0xbf	; 191
   0314 2A                  846 	.db #0x2a	; 42
   0315 3D                  847 	.db #0x3d	; 61
   0316 9F                  848 	.db #0x9f	; 159
   0317 BF                  849 	.db #0xbf	; 191
   0318 3F                  850 	.db #0x3f	; 63
   0319 3F                  851 	.db #0x3f	; 63
   031A 3F                  852 	.db #0x3f	; 63
   031B BF                  853 	.db #0xbf	; 191
   031C 3F                  854 	.db #0x3f	; 63
   031D 3F                  855 	.db #0x3f	; 63
   031E 3F                  856 	.db #0x3f	; 63
   031F 3F                  857 	.db #0x3f	; 63
   0320 3F                  858 	.db #0x3f	; 63
   0321 3F                  859 	.db #0x3f	; 63
   0322 3F                  860 	.db #0x3f	; 63
   0323 3F                  861 	.db #0x3f	; 63
   0324 6F                  862 	.db #0x6f	; 111	'o'
   0325 3F                  863 	.db #0x3f	; 63
   0326 3F                  864 	.db #0x3f	; 63
   0327 9F                  865 	.db #0x9f	; 159
   0328 3F                  866 	.db #0x3f	; 63
   0329 3C                  867 	.db #0x3c	; 60
   032A 3F                  868 	.db #0x3f	; 63
   032B 3F                  869 	.db #0x3f	; 63
   032C 15                  870 	.db #0x15	; 21
   032D 3C                  871 	.db #0x3c	; 60
   032E 3F                  872 	.db #0x3f	; 63
   032F 2A                  873 	.db #0x2a	; 42
   0330 00                  874 	.db #0x00	; 0
   0331 3F                  875 	.db #0x3f	; 63
   0332 3F                  876 	.db #0x3f	; 63
   0333 00                  877 	.db #0x00	; 0
   0334                     878 _sprite_protile3_13:
   0334 00                  879 	.db #0x00	; 0
   0335 00                  880 	.db #0x00	; 0
   0336 00                  881 	.db #0x00	; 0
   0337 00                  882 	.db #0x00	; 0
   0338 00                  883 	.db #0x00	; 0
   0339 00                  884 	.db #0x00	; 0
   033A 00                  885 	.db #0x00	; 0
   033B 00                  886 	.db #0x00	; 0
   033C 00                  887 	.db #0x00	; 0
   033D 00                  888 	.db #0x00	; 0
   033E 00                  889 	.db #0x00	; 0
   033F 00                  890 	.db #0x00	; 0
   0340 00                  891 	.db #0x00	; 0
   0341 00                  892 	.db #0x00	; 0
   0342 00                  893 	.db #0x00	; 0
   0343 00                  894 	.db #0x00	; 0
   0344 00                  895 	.db #0x00	; 0
   0345 00                  896 	.db #0x00	; 0
   0346 00                  897 	.db #0x00	; 0
   0347 00                  898 	.db #0x00	; 0
   0348 00                  899 	.db #0x00	; 0
   0349 00                  900 	.db #0x00	; 0
   034A 00                  901 	.db #0x00	; 0
   034B 00                  902 	.db #0x00	; 0
   034C 00                  903 	.db #0x00	; 0
   034D 3F                  904 	.db #0x3f	; 63
   034E 3F                  905 	.db #0x3f	; 63
   034F 00                  906 	.db #0x00	; 0
   0350 15                  907 	.db #0x15	; 21
   0351 3F                  908 	.db #0x3f	; 63
   0352 FF                  909 	.db #0xff	; 255
   0353 2A                  910 	.db #0x2a	; 42
   0354 2A                  911 	.db #0x2a	; 42
   0355 3D                  912 	.db #0x3d	; 61
   0356 3F                  913 	.db #0x3f	; 63
   0357 BF                  914 	.db #0xbf	; 191
   0358 2A                  915 	.db #0x2a	; 42
   0359 3D                  916 	.db #0x3d	; 61
   035A 9F                  917 	.db #0x9f	; 159
   035B BF                  918 	.db #0xbf	; 191
   035C 3F                  919 	.db #0x3f	; 63
   035D 3F                  920 	.db #0x3f	; 63
   035E 3F                  921 	.db #0x3f	; 63
   035F BF                  922 	.db #0xbf	; 191
   0360 3F                  923 	.db #0x3f	; 63
   0361 3F                  924 	.db #0x3f	; 63
   0362 3F                  925 	.db #0x3f	; 63
   0363 3F                  926 	.db #0x3f	; 63
   0364 6F                  927 	.db #0x6f	; 111	'o'
   0365 3E                  928 	.db #0x3e	; 62
   0366 3D                  929 	.db #0x3d	; 61
   0367 9F                  930 	.db #0x9f	; 159
   0368 15                  931 	.db #0x15	; 21
   0369 3C                  932 	.db #0x3c	; 60
   036A 3D                  933 	.db #0x3d	; 61
   036B 2A                  934 	.db #0x2a	; 42
   036C 00                  935 	.db #0x00	; 0
   036D 3F                  936 	.db #0x3f	; 63
   036E 3F                  937 	.db #0x3f	; 63
   036F 00                  938 	.db #0x00	; 0
   0370                     939 _sprite_protile3_14:
   0370 00                  940 	.db #0x00	; 0
   0371 00                  941 	.db #0x00	; 0
   0372 00                  942 	.db #0x00	; 0
   0373 00                  943 	.db #0x00	; 0
   0374 00                  944 	.db #0x00	; 0
   0375 00                  945 	.db #0x00	; 0
   0376 00                  946 	.db #0x00	; 0
   0377 00                  947 	.db #0x00	; 0
   0378 00                  948 	.db #0x00	; 0
   0379 00                  949 	.db #0x00	; 0
   037A 00                  950 	.db #0x00	; 0
   037B 00                  951 	.db #0x00	; 0
   037C 00                  952 	.db #0x00	; 0
   037D 00                  953 	.db #0x00	; 0
   037E 00                  954 	.db #0x00	; 0
   037F 00                  955 	.db #0x00	; 0
   0380 00                  956 	.db #0x00	; 0
   0381 00                  957 	.db #0x00	; 0
   0382 00                  958 	.db #0x00	; 0
   0383 00                  959 	.db #0x00	; 0
   0384 00                  960 	.db #0x00	; 0
   0385 00                  961 	.db #0x00	; 0
   0386 00                  962 	.db #0x00	; 0
   0387 00                  963 	.db #0x00	; 0
   0388 00                  964 	.db #0x00	; 0
   0389 00                  965 	.db #0x00	; 0
   038A 00                  966 	.db #0x00	; 0
   038B 00                  967 	.db #0x00	; 0
   038C 00                  968 	.db #0x00	; 0
   038D 00                  969 	.db #0x00	; 0
   038E 00                  970 	.db #0x00	; 0
   038F 00                  971 	.db #0x00	; 0
   0390 00                  972 	.db #0x00	; 0
   0391 00                  973 	.db #0x00	; 0
   0392 00                  974 	.db #0x00	; 0
   0393 00                  975 	.db #0x00	; 0
   0394 00                  976 	.db #0x00	; 0
   0395 3F                  977 	.db #0x3f	; 63
   0396 3F                  978 	.db #0x3f	; 63
   0397 00                  979 	.db #0x00	; 0
   0398 15                  980 	.db #0x15	; 21
   0399 3F                  981 	.db #0x3f	; 63
   039A FF                  982 	.db #0xff	; 255
   039B 2A                  983 	.db #0x2a	; 42
   039C 2A                  984 	.db #0x2a	; 42
   039D 3D                  985 	.db #0x3d	; 61
   039E 3F                  986 	.db #0x3f	; 63
   039F BF                  987 	.db #0xbf	; 191
   03A0 2A                  988 	.db #0x2a	; 42
   03A1 3D                  989 	.db #0x3d	; 61
   03A2 9F                  990 	.db #0x9f	; 159
   03A3 BF                  991 	.db #0xbf	; 191
   03A4 3F                  992 	.db #0x3f	; 63
   03A5 3F                  993 	.db #0x3f	; 63
   03A6 3C                  994 	.db #0x3c	; 60
   03A7 9F                  995 	.db #0x9f	; 159
   03A8 15                  996 	.db #0x15	; 21
   03A9 3F                  997 	.db #0x3f	; 63
   03AA 3F                  998 	.db #0x3f	; 63
   03AB 2A                  999 	.db #0x2a	; 42
   03AC                    1000 _sprite_protile3_15:
   03AC 00                 1001 	.db #0x00	; 0
   03AD 00                 1002 	.db #0x00	; 0
   03AE 00                 1003 	.db #0x00	; 0
   03AF 00                 1004 	.db #0x00	; 0
   03B0 00                 1005 	.db #0x00	; 0
   03B1 00                 1006 	.db #0x00	; 0
   03B2 00                 1007 	.db #0x00	; 0
   03B3 00                 1008 	.db #0x00	; 0
   03B4 00                 1009 	.db #0x00	; 0
   03B5 00                 1010 	.db #0x00	; 0
   03B6 00                 1011 	.db #0x00	; 0
   03B7 00                 1012 	.db #0x00	; 0
   03B8 00                 1013 	.db #0x00	; 0
   03B9 00                 1014 	.db #0x00	; 0
   03BA 00                 1015 	.db #0x00	; 0
   03BB 00                 1016 	.db #0x00	; 0
   03BC 10                 1017 	.db #0x10	; 16
   03BD 00                 1018 	.db #0x00	; 0
   03BE 20                 1019 	.db #0x20	; 32
   03BF 20                 1020 	.db #0x20	; 32
   03C0 10                 1021 	.db #0x10	; 16
   03C1 10                 1022 	.db #0x10	; 16
   03C2 20                 1023 	.db #0x20	; 32
   03C3 20                 1024 	.db #0x20	; 32
   03C4 10                 1025 	.db #0x10	; 16
   03C5 30                 1026 	.db #0x30	; 48	'0'
   03C6 30                 1027 	.db #0x30	; 48	'0'
   03C7 20                 1028 	.db #0x20	; 32
   03C8 10                 1029 	.db #0x10	; 16
   03C9 30                 1030 	.db #0x30	; 48	'0'
   03CA 30                 1031 	.db #0x30	; 48	'0'
   03CB 20                 1032 	.db #0x20	; 32
   03CC 15                 1033 	.db #0x15	; 21
   03CD 3F                 1034 	.db #0x3f	; 63
   03CE FF                 1035 	.db #0xff	; 255
   03CF 2A                 1036 	.db #0x2a	; 42
   03D0 2A                 1037 	.db #0x2a	; 42
   03D1 3D                 1038 	.db #0x3d	; 61
   03D2 3F                 1039 	.db #0x3f	; 63
   03D3 BF                 1040 	.db #0xbf	; 191
   03D4 2A                 1041 	.db #0x2a	; 42
   03D5 3D                 1042 	.db #0x3d	; 61
   03D6 9F                 1043 	.db #0x9f	; 159
   03D7 BF                 1044 	.db #0xbf	; 191
   03D8 3F                 1045 	.db #0x3f	; 63
   03D9 3F                 1046 	.db #0x3f	; 63
   03DA 3E                 1047 	.db #0x3e	; 62
   03DB 3F                 1048 	.db #0x3f	; 63
   03DC 6F                 1049 	.db #0x6f	; 111	'o'
   03DD 3F                 1050 	.db #0x3f	; 63
   03DE 3D                 1051 	.db #0x3d	; 61
   03DF 9F                 1052 	.db #0x9f	; 159
   03E0 15                 1053 	.db #0x15	; 21
   03E1 3C                 1054 	.db #0x3c	; 60
   03E2 3D                 1055 	.db #0x3d	; 61
   03E3 2A                 1056 	.db #0x2a	; 42
   03E4 00                 1057 	.db #0x00	; 0
   03E5 3F                 1058 	.db #0x3f	; 63
   03E6 3F                 1059 	.db #0x3f	; 63
   03E7 00                 1060 	.db #0x00	; 0
   03E8                    1061 _sprite_protile3_16:
   03E8 00                 1062 	.db #0x00	; 0
   03E9 00                 1063 	.db #0x00	; 0
   03EA 00                 1064 	.db #0x00	; 0
   03EB 00                 1065 	.db #0x00	; 0
   03EC 00                 1066 	.db #0x00	; 0
   03ED 00                 1067 	.db #0x00	; 0
   03EE 00                 1068 	.db #0x00	; 0
   03EF 00                 1069 	.db #0x00	; 0
   03F0 00                 1070 	.db #0x00	; 0
   03F1 00                 1071 	.db #0x00	; 0
   03F2 00                 1072 	.db #0x00	; 0
   03F3 00                 1073 	.db #0x00	; 0
   03F4 10                 1074 	.db #0x10	; 16
   03F5 00                 1075 	.db #0x00	; 0
   03F6 20                 1076 	.db #0x20	; 32
   03F7 20                 1077 	.db #0x20	; 32
   03F8 10                 1078 	.db #0x10	; 16
   03F9 10                 1079 	.db #0x10	; 16
   03FA 20                 1080 	.db #0x20	; 32
   03FB 20                 1081 	.db #0x20	; 32
   03FC 10                 1082 	.db #0x10	; 16
   03FD 30                 1083 	.db #0x30	; 48	'0'
   03FE 30                 1084 	.db #0x30	; 48	'0'
   03FF 20                 1085 	.db #0x20	; 32
   0400 10                 1086 	.db #0x10	; 16
   0401 30                 1087 	.db #0x30	; 48	'0'
   0402 30                 1088 	.db #0x30	; 48	'0'
   0403 20                 1089 	.db #0x20	; 32
   0404 15                 1090 	.db #0x15	; 21
   0405 3F                 1091 	.db #0x3f	; 63
   0406 FF                 1092 	.db #0xff	; 255
   0407 2A                 1093 	.db #0x2a	; 42
   0408 2A                 1094 	.db #0x2a	; 42
   0409 3D                 1095 	.db #0x3d	; 61
   040A 3F                 1096 	.db #0x3f	; 63
   040B BF                 1097 	.db #0xbf	; 191
   040C 2A                 1098 	.db #0x2a	; 42
   040D 3D                 1099 	.db #0x3d	; 61
   040E 9F                 1100 	.db #0x9f	; 159
   040F BF                 1101 	.db #0xbf	; 191
   0410 3F                 1102 	.db #0x3f	; 63
   0411 3F                 1103 	.db #0x3f	; 63
   0412 3F                 1104 	.db #0x3f	; 63
   0413 BF                 1105 	.db #0xbf	; 191
   0414 3F                 1106 	.db #0x3f	; 63
   0415 3F                 1107 	.db #0x3f	; 63
   0416 3F                 1108 	.db #0x3f	; 63
   0417 3F                 1109 	.db #0x3f	; 63
   0418 6F                 1110 	.db #0x6f	; 111	'o'
   0419 3E                 1111 	.db #0x3e	; 62
   041A 3D                 1112 	.db #0x3d	; 61
   041B 9F                 1113 	.db #0x9f	; 159
   041C 15                 1114 	.db #0x15	; 21
   041D 3C                 1115 	.db #0x3c	; 60
   041E 3D                 1116 	.db #0x3d	; 61
   041F 2A                 1117 	.db #0x2a	; 42
   0420 00                 1118 	.db #0x00	; 0
   0421 3F                 1119 	.db #0x3f	; 63
   0422 3F                 1120 	.db #0x3f	; 63
   0423 00                 1121 	.db #0x00	; 0
   0424                    1122 _sprite_protile3_17:
   0424 10                 1123 	.db #0x10	; 16
   0425 00                 1124 	.db #0x00	; 0
   0426 20                 1125 	.db #0x20	; 32
   0427 20                 1126 	.db #0x20	; 32
   0428 10                 1127 	.db #0x10	; 16
   0429 10                 1128 	.db #0x10	; 16
   042A 20                 1129 	.db #0x20	; 32
   042B 20                 1130 	.db #0x20	; 32
   042C 10                 1131 	.db #0x10	; 16
   042D 30                 1132 	.db #0x30	; 48	'0'
   042E 30                 1133 	.db #0x30	; 48	'0'
   042F 20                 1134 	.db #0x20	; 32
   0430 10                 1135 	.db #0x10	; 16
   0431 30                 1136 	.db #0x30	; 48	'0'
   0432 30                 1137 	.db #0x30	; 48	'0'
   0433 20                 1138 	.db #0x20	; 32
   0434 15                 1139 	.db #0x15	; 21
   0435 3F                 1140 	.db #0x3f	; 63
   0436 FF                 1141 	.db #0xff	; 255
   0437 2A                 1142 	.db #0x2a	; 42
   0438 3F                 1143 	.db #0x3f	; 63
   0439 3F                 1144 	.db #0x3f	; 63
   043A 7F                 1145 	.db #0x7f	; 127
   043B BF                 1146 	.db #0xbf	; 191
   043C 2A                 1147 	.db #0x2a	; 42
   043D 3D                 1148 	.db #0x3d	; 61
   043E 3F                 1149 	.db #0x3f	; 63
   043F BF                 1150 	.db #0xbf	; 191
   0440 2A                 1151 	.db #0x2a	; 42
   0441 3D                 1152 	.db #0x3d	; 61
   0442 9F                 1153 	.db #0x9f	; 159
   0443 BF                 1154 	.db #0xbf	; 191
   0444 3F                 1155 	.db #0x3f	; 63
   0445 3F                 1156 	.db #0x3f	; 63
   0446 3F                 1157 	.db #0x3f	; 63
   0447 BF                 1158 	.db #0xbf	; 191
   0448 3F                 1159 	.db #0x3f	; 63
   0449 3F                 1160 	.db #0x3f	; 63
   044A 3F                 1161 	.db #0x3f	; 63
   044B 3F                 1162 	.db #0x3f	; 63
   044C 3F                 1163 	.db #0x3f	; 63
   044D 3F                 1164 	.db #0x3f	; 63
   044E 3F                 1165 	.db #0x3f	; 63
   044F 3F                 1166 	.db #0x3f	; 63
   0450 6F                 1167 	.db #0x6f	; 111	'o'
   0451 3F                 1168 	.db #0x3f	; 63
   0452 3F                 1169 	.db #0x3f	; 63
   0453 9F                 1170 	.db #0x9f	; 159
   0454 3F                 1171 	.db #0x3f	; 63
   0455 3C                 1172 	.db #0x3c	; 60
   0456 3F                 1173 	.db #0x3f	; 63
   0457 3F                 1174 	.db #0x3f	; 63
   0458 15                 1175 	.db #0x15	; 21
   0459 3C                 1176 	.db #0x3c	; 60
   045A 3F                 1177 	.db #0x3f	; 63
   045B 2A                 1178 	.db #0x2a	; 42
   045C 00                 1179 	.db #0x00	; 0
   045D 3F                 1180 	.db #0x3f	; 63
   045E 3F                 1181 	.db #0x3f	; 63
   045F 00                 1182 	.db #0x00	; 0
   0460                    1183 _sprite_protile3_18:
   0460 10                 1184 	.db #0x10	; 16
   0461 00                 1185 	.db #0x00	; 0
   0462 20                 1186 	.db #0x20	; 32
   0463 20                 1187 	.db #0x20	; 32
   0464 10                 1188 	.db #0x10	; 16
   0465 10                 1189 	.db #0x10	; 16
   0466 20                 1190 	.db #0x20	; 32
   0467 20                 1191 	.db #0x20	; 32
   0468 10                 1192 	.db #0x10	; 16
   0469 30                 1193 	.db #0x30	; 48	'0'
   046A 30                 1194 	.db #0x30	; 48	'0'
   046B 20                 1195 	.db #0x20	; 32
   046C 10                 1196 	.db #0x10	; 16
   046D 30                 1197 	.db #0x30	; 48	'0'
   046E 30                 1198 	.db #0x30	; 48	'0'
   046F 20                 1199 	.db #0x20	; 32
   0470 00                 1200 	.db #0x00	; 0
   0471 00                 1201 	.db #0x00	; 0
   0472 00                 1202 	.db #0x00	; 0
   0473 00                 1203 	.db #0x00	; 0
   0474 00                 1204 	.db #0x00	; 0
   0475 00                 1205 	.db #0x00	; 0
   0476 00                 1206 	.db #0x00	; 0
   0477 00                 1207 	.db #0x00	; 0
   0478 00                 1208 	.db #0x00	; 0
   0479 3F                 1209 	.db #0x3f	; 63
   047A 3F                 1210 	.db #0x3f	; 63
   047B 00                 1211 	.db #0x00	; 0
   047C 15                 1212 	.db #0x15	; 21
   047D 3F                 1213 	.db #0x3f	; 63
   047E FF                 1214 	.db #0xff	; 255
   047F 2A                 1215 	.db #0x2a	; 42
   0480 2A                 1216 	.db #0x2a	; 42
   0481 3D                 1217 	.db #0x3d	; 61
   0482 3F                 1218 	.db #0x3f	; 63
   0483 BF                 1219 	.db #0xbf	; 191
   0484 2A                 1220 	.db #0x2a	; 42
   0485 3D                 1221 	.db #0x3d	; 61
   0486 9F                 1222 	.db #0x9f	; 159
   0487 BF                 1223 	.db #0xbf	; 191
   0488 3F                 1224 	.db #0x3f	; 63
   0489 3F                 1225 	.db #0x3f	; 63
   048A 3F                 1226 	.db #0x3f	; 63
   048B BF                 1227 	.db #0xbf	; 191
   048C 3F                 1228 	.db #0x3f	; 63
   048D 3F                 1229 	.db #0x3f	; 63
   048E 3F                 1230 	.db #0x3f	; 63
   048F 3F                 1231 	.db #0x3f	; 63
   0490 6F                 1232 	.db #0x6f	; 111	'o'
   0491 3E                 1233 	.db #0x3e	; 62
   0492 3D                 1234 	.db #0x3d	; 61
   0493 9F                 1235 	.db #0x9f	; 159
   0494 15                 1236 	.db #0x15	; 21
   0495 3C                 1237 	.db #0x3c	; 60
   0496 3D                 1238 	.db #0x3d	; 61
   0497 2A                 1239 	.db #0x2a	; 42
   0498 00                 1240 	.db #0x00	; 0
   0499 3F                 1241 	.db #0x3f	; 63
   049A 3F                 1242 	.db #0x3f	; 63
   049B 00                 1243 	.db #0x00	; 0
   049C                    1244 _sprite_protile3_19:
   049C 00                 1245 	.db #0x00	; 0
   049D 00                 1246 	.db #0x00	; 0
   049E 00                 1247 	.db #0x00	; 0
   049F 00                 1248 	.db #0x00	; 0
   04A0 00                 1249 	.db #0x00	; 0
   04A1 00                 1250 	.db #0x00	; 0
   04A2 00                 1251 	.db #0x00	; 0
   04A3 00                 1252 	.db #0x00	; 0
   04A4 00                 1253 	.db #0x00	; 0
   04A5 00                 1254 	.db #0x00	; 0
   04A6 00                 1255 	.db #0x00	; 0
   04A7 00                 1256 	.db #0x00	; 0
   04A8 10                 1257 	.db #0x10	; 16
   04A9 00                 1258 	.db #0x00	; 0
   04AA 20                 1259 	.db #0x20	; 32
   04AB 20                 1260 	.db #0x20	; 32
   04AC 10                 1261 	.db #0x10	; 16
   04AD 10                 1262 	.db #0x10	; 16
   04AE 20                 1263 	.db #0x20	; 32
   04AF 20                 1264 	.db #0x20	; 32
   04B0 10                 1265 	.db #0x10	; 16
   04B1 30                 1266 	.db #0x30	; 48	'0'
   04B2 30                 1267 	.db #0x30	; 48	'0'
   04B3 20                 1268 	.db #0x20	; 32
   04B4 10                 1269 	.db #0x10	; 16
   04B5 30                 1270 	.db #0x30	; 48	'0'
   04B6 30                 1271 	.db #0x30	; 48	'0'
   04B7 20                 1272 	.db #0x20	; 32
   04B8 00                 1273 	.db #0x00	; 0
   04B9 00                 1274 	.db #0x00	; 0
   04BA 00                 1275 	.db #0x00	; 0
   04BB 00                 1276 	.db #0x00	; 0
   04BC 00                 1277 	.db #0x00	; 0
   04BD 00                 1278 	.db #0x00	; 0
   04BE 00                 1279 	.db #0x00	; 0
   04BF 00                 1280 	.db #0x00	; 0
   04C0 00                 1281 	.db #0x00	; 0
   04C1 3F                 1282 	.db #0x3f	; 63
   04C2 3F                 1283 	.db #0x3f	; 63
   04C3 00                 1284 	.db #0x00	; 0
   04C4 15                 1285 	.db #0x15	; 21
   04C5 3F                 1286 	.db #0x3f	; 63
   04C6 FF                 1287 	.db #0xff	; 255
   04C7 2A                 1288 	.db #0x2a	; 42
   04C8 2A                 1289 	.db #0x2a	; 42
   04C9 3D                 1290 	.db #0x3d	; 61
   04CA 3F                 1291 	.db #0x3f	; 63
   04CB BF                 1292 	.db #0xbf	; 191
   04CC 2A                 1293 	.db #0x2a	; 42
   04CD 3D                 1294 	.db #0x3d	; 61
   04CE 9F                 1295 	.db #0x9f	; 159
   04CF BF                 1296 	.db #0xbf	; 191
   04D0 3F                 1297 	.db #0x3f	; 63
   04D1 3F                 1298 	.db #0x3f	; 63
   04D2 3C                 1299 	.db #0x3c	; 60
   04D3 9F                 1300 	.db #0x9f	; 159
   04D4 15                 1301 	.db #0x15	; 21
   04D5 3F                 1302 	.db #0x3f	; 63
   04D6 3F                 1303 	.db #0x3f	; 63
   04D7 2A                 1304 	.db #0x2a	; 42
                           1305 	.area _INITIALIZER
                           1306 	.area _CABS (ABS)
